<?xml version="1.0" encoding="UTF-8"?>
<testng-results ignored="0" total="1" passed="1" failed="0" skipped="0">
  <reporter-output>
  </reporter-output>
  <suite started-at="2026-07-17T14:22:42 IST" name="Default suite" finished-at="2026-07-17T14:24:20 IST" duration-ms="98656">
    <groups>
    </groups>
    <test started-at="2026-07-17T14:22:42 IST" name="Default test" finished-at="2026-07-17T14:24:20 IST" duration-ms="98656">
      <class name="com.CSVFileReading.CSVFileReading">
        <test-method is-config="true" signature="setup()[pri:0, instance:com.CSVFileReading.CSVFileReading@37afeb11]" started-at="2026-07-17T14:22:42 IST" name="setup" finished-at="2026-07-17T14:22:47 IST" duration-ms="5244" status="PASS">
          <reporter-output>
          </reporter-output>
        </test-method> <!-- setup -->
        <test-method signature="DDTTestingBlog()[pri:0, instance:com.CSVFileReading.CSVFileReading@37afeb11]" started-at="2026-07-17T14:22:47 IST" name="DDTTestingBlog" finished-at="2026-07-17T14:24:20 IST" duration-ms="92739" status="PASS">
          <reporter-output>
          </reporter-output>
        </test-method> <!-- DDTTestingBlog -->
        <test-method is-config="true" signature="tearDown()[pri:0, instance:com.CSVFileReading.CSVFileReading@37afeb11]" started-at="2026-07-17T14:24:20 IST" name="tearDown" finished-at="2026-07-17T14:24:20 IST" duration-ms="567" status="PASS">
          <reporter-output>
          </reporter-output>
        </test-method> <!-- tearDown -->
      </class> <!-- com.CSVFileReading.CSVFileReading -->
    </test> <!-- Default test -->
  </suite> <!-- Default suite -->
</testng-results>
