<?xml version="1.0" encoding="UTF-8"?>
<testng-results ignored="0" total="1" passed="1" failed="0" skipped="0">
  <reporter-output>
  </reporter-output>
  <suite started-at="2026-07-20T12:56:00 IST" name="Default suite" finished-at="2026-07-20T12:56:21 IST" duration-ms="20183">
    <groups>
    </groups>
    <test started-at="2026-07-20T12:56:00 IST" name="Default test" finished-at="2026-07-20T12:56:21 IST" duration-ms="20183">
      <class name="com.Framework.TestCase.LoginOrganHRM">
        <test-method is-config="true" signature="SetUp()[pri:0, instance:com.Framework.TestCase.LoginOrganHRM@4d0d9fe7]" started-at="2026-07-20T12:56:00 IST" name="SetUp" finished-at="2026-07-20T12:56:00 IST" duration-ms="627" status="PASS">
          <reporter-output>
          </reporter-output>
        </test-method> <!-- SetUp -->
        <test-method is-config="true" signature="BrowserTest()[pri:0, instance:com.Framework.TestCase.LoginOrganHRM@4d0d9fe7]" started-at="2026-07-20T12:56:00 IST" name="BrowserTest" finished-at="2026-07-20T12:56:09 IST" duration-ms="8328" status="PASS">
          <reporter-output>
          </reporter-output>
        </test-method> <!-- BrowserTest -->
        <test-method signature="loginApp()[pri:0, instance:com.Framework.TestCase.LoginOrganHRM@4d0d9fe7]" started-at="2026-07-20T12:56:09 IST" name="loginApp" finished-at="2026-07-20T12:56:20 IST" duration-ms="11303" status="PASS">
          <reporter-output>
          </reporter-output>
        </test-method> <!-- loginApp -->
        <test-method is-config="true" signature="tearDownMethod(org.testng.ITestResult)[pri:0, instance:com.Framework.TestCase.LoginOrganHRM@4d0d9fe7]" started-at="2026-07-20T12:56:20 IST" name="tearDownMethod" finished-at="2026-07-20T12:56:20 IST" duration-ms="6" status="PASS">
          <params>
            <param index="0">
              <value>
                <![CDATA[[TestResult name=loginApp status=SUCCESS method=LoginOrganHRM.loginApp()[pri:0, instance:com.Framework.TestCase.LoginOrganHRM@4d0d9fe7] output={null}]]]>
              </value>
            </param>
          </params>
          <reporter-output>
          </reporter-output>
        </test-method> <!-- tearDownMethod -->
        <test-method is-config="true" signature="tearDown()[pri:0, instance:com.Framework.TestCase.LoginOrganHRM@4d0d9fe7]" started-at="2026-07-20T12:56:20 IST" name="tearDown" finished-at="2026-07-20T12:56:21 IST" duration-ms="353" status="PASS">
          <reporter-output>
          </reporter-output>
        </test-method> <!-- tearDown -->
      </class> <!-- com.Framework.TestCase.LoginOrganHRM -->
    </test> <!-- Default test -->
  </suite> <!-- Default suite -->
</testng-results>
