<?xml version="1.0" encoding="UTF-8"?>
<testng-results ignored="0" total="1" passed="1" failed="0" skipped="0">
  <reporter-output>
  </reporter-output>
  <suite started-at="2026-07-18T12:10:37 IST" name="Default suite" finished-at="2026-07-18T12:10:45 IST" duration-ms="7318">
    <groups>
    </groups>
    <test started-at="2026-07-18T12:10:37 IST" name="Default test" finished-at="2026-07-18T12:10:45 IST" duration-ms="7318">
      <class name="ScreenShotsDemo.TestScreenShots1">
        <test-method signature="Browser()[pri:0, instance:ScreenShotsDemo.TestScreenShots1@795cd85e]" started-at="2026-07-18T12:10:37 IST" name="Browser" finished-at="2026-07-18T12:10:45 IST" duration-ms="7244" status="PASS">
          <reporter-output>
          </reporter-output>
        </test-method> <!-- Browser -->
      </class> <!-- ScreenShotsDemo.TestScreenShots1 -->
    </test> <!-- Default test -->
  </suite> <!-- Default suite -->
</testng-results>
