<?xml version="1.0" encoding="UTF-8"?>
<testng-results ignored="0" total="1" passed="1" failed="0" skipped="0">
  <reporter-output>
  </reporter-output>
  <suite started-at="2026-07-19T23:30:53 IST" name="Default suite" finished-at="2026-07-19T23:32:06 IST" duration-ms="73101">
    <groups>
    </groups>
    <test started-at="2026-07-19T23:30:53 IST" name="Default test" finished-at="2026-07-19T23:32:06 IST" duration-ms="73101">
      <class name="ScreenShotsDemo.ScreenShotCaseStudy">
        <test-method signature="PurchaseProduct()[pri:0, instance:ScreenShotsDemo.ScreenShotCaseStudy@59fd97a8]" started-at="2026-07-19T23:30:53 IST" name="PurchaseProduct" finished-at="2026-07-19T23:32:06 IST" duration-ms="73023" status="PASS">
          <reporter-output>
          </reporter-output>
        </test-method> <!-- PurchaseProduct -->
      </class> <!-- ScreenShotsDemo.ScreenShotCaseStudy -->
    </test> <!-- Default test -->
  </suite> <!-- Default suite -->
</testng-results>
