<?xml version="1.0" encoding="UTF-8"?>
<!-- Generated by org.testng.reporters.JUnitXMLReporter -->
<testsuite ignored="0" hostname="kunal-pc" failures="0" tests="3" name="Test" time="29.019" errors="0" timestamp="2026-07-20T16:07:32 IST">
  <testcase classname="com.JenkinsCICD.DemoTest.JenkinsCICDTest" name="FirefoxBrowserTest" time="19.082"/>
  <testcase classname="com.JenkinsCICD.DemoTest.JenkinsCICDTest" name="ChromeBrowserTest" time="3.966"/>
  <testcase classname="com.JenkinsCICD.DemoTest.JenkinsCICDTest" name="EdgeBrowserTest" time="5.798"/>
</testsuite> <!-- Test -->
