<?xml version="1.0" encoding="UTF-8"?>
<testng-results ignored="0" total="1" passed="1" failed="0" skipped="0">
  <reporter-output>
  </reporter-output>
  <suite started-at="2026-07-17T09:57:42 IST" name="Default suite" finished-at="2026-07-17T09:57:57 IST" duration-ms="15584">
    <groups>
    </groups>
    <test started-at="2026-07-17T09:57:42 IST" name="Default test" finished-at="2026-07-17T09:57:57 IST" duration-ms="15584">
      <class name="com.WebElementsCaseStudy.EasyCalculationsDemo1">
        <test-method signature="clearMethodDemo()[pri:0, instance:com.WebElementsCaseStudy.EasyCalculationsDemo1@43195e57]" started-at="2026-07-17T09:57:42 IST" name="clearMethodDemo" finished-at="2026-07-17T09:57:57 IST" duration-ms="15518" status="PASS">
          <reporter-output>
          </reporter-output>
        </test-method> <!-- clearMethodDemo -->
      </class> <!-- com.WebElementsCaseStudy.EasyCalculationsDemo1 -->
    </test> <!-- Default test -->
  </suite> <!-- Default suite -->
</testng-results>
