<?xml version="1.0" encoding="UTF-8"?>
<testng-results ignored="0" total="1" passed="1" failed="0" skipped="0">
  <reporter-output>
  </reporter-output>
  <suite started-at="2026-07-18T14:18:47 IST" name="Default suite" finished-at="2026-07-18T14:19:06 IST" duration-ms="18862">
    <groups>
    </groups>
    <test started-at="2026-07-18T14:18:47 IST" name="Default test" finished-at="2026-07-18T14:19:06 IST" duration-ms="18862">
      <class name="com.EasyCalculation.TestCases.ExecuteLoginPage">
        <test-method signature="CheckValidUser()[pri:0, instance:com.EasyCalculation.TestCases.ExecuteLoginPage@5524cca1]" started-at="2026-07-18T14:18:47 IST" name="CheckValidUser" finished-at="2026-07-18T14:19:05 IST" duration-ms="18071" status="PASS">
          <reporter-output>
          </reporter-output>
        </test-method> <!-- CheckValidUser -->
      </class> <!-- com.EasyCalculation.TestCases.ExecuteLoginPage -->
    </test> <!-- Default test -->
  </suite> <!-- Default suite -->
</testng-results>
