<?xml version="1.0" encoding="UTF-8"?>
<!-- Generated by org.testng.reporters.JUnitXMLReporter -->
<testsuite ignored="0" hostname="kunal-pc" failures="0" tests="10" name="Default test" time="16.507" errors="0" timestamp="2026-07-29T10:19:47 IST">
  <testcase classname="com.RestAssured.Demo.DataDrivenGetTest" name="testMultiplePostsBDD" time="5.759"/>
  <testcase classname="com.RestAssured.Demo.DataDrivenGetTest" name="testMultiplePostsBDD" time="0.892"/>
  <testcase classname="com.RestAssured.Demo.DataDrivenGetTest" name="testMultiplePostsBDD" time="0.74"/>
  <testcase classname="com.RestAssured.Demo.DataDrivenGetTest" name="testMultiplePostsBDD" time="0.68"/>
  <testcase classname="com.RestAssured.Demo.DataDrivenGetTest" name="testMultiplePostsBDD" time="0.715"/>
  <testcase classname="com.RestAssured.Demo.DataDrivenGetTest" name="testMultiplePostsTraditional" time="0.973"/>
  <testcase classname="com.RestAssured.Demo.DataDrivenGetTest" name="testMultiplePostsTraditional" time="1.729"/>
  <testcase classname="com.RestAssured.Demo.DataDrivenGetTest" name="testMultiplePostsTraditional" time="0.819"/>
  <testcase classname="com.RestAssured.Demo.DataDrivenGetTest" name="testMultiplePostsTraditional" time="2.32"/>
  <testcase classname="com.RestAssured.Demo.DataDrivenGetTest" name="testMultiplePostsTraditional" time="1.154"/>
</testsuite> <!-- Default test -->
