<?xml version="1.0" encoding="UTF-8"?>
<!-- Generated by org.testng.reporters.JUnitXMLReporter -->
<testsuite ignored="0" hostname="kunal-pc" failures="0" tests="10" name="Default test" time="43.189" errors="0" timestamp="2026-07-27T12:23:17 IST">
  <testcase classname="com.RestAssured.Demo.DataDrivenGetTest" name="testMultiplePostsBDD" time="17.154"/>
  <testcase classname="com.RestAssured.Demo.DataDrivenGetTest" name="testMultiplePostsBDD" time="3.672"/>
  <testcase classname="com.RestAssured.Demo.DataDrivenGetTest" name="testMultiplePostsBDD" time="3.157"/>
  <testcase classname="com.RestAssured.Demo.DataDrivenGetTest" name="testMultiplePostsBDD" time="2.968"/>
  <testcase classname="com.RestAssured.Demo.DataDrivenGetTest" name="testMultiplePostsBDD" time="6.766"/>
  <testcase classname="com.RestAssured.Demo.DataDrivenGetTest" name="testMultiplePostsTraditional" time="3.449"/>
  <testcase classname="com.RestAssured.Demo.DataDrivenGetTest" name="testMultiplePostsTraditional" time="2.523"/>
  <testcase classname="com.RestAssured.Demo.DataDrivenGetTest" name="testMultiplePostsTraditional" time="1.436"/>
  <testcase classname="com.RestAssured.Demo.DataDrivenGetTest" name="testMultiplePostsTraditional" time="0.607"/>
  <testcase classname="com.RestAssured.Demo.DataDrivenGetTest" name="testMultiplePostsTraditional" time="0.712"/>
</testsuite> <!-- Default test -->
