<?xml version="1.0" encoding="UTF-8"?>
<testng-results ignored="0" total="1" passed="1" failed="0" skipped="0">
  <reporter-output>
  </reporter-output>
  <suite started-at="2026-07-18T10:15:24 IST" name="Default suite" finished-at="2026-07-18T10:15:45 IST" duration-ms="21725">
    <groups>
    </groups>
    <test started-at="2026-07-18T10:15:24 IST" name="Default test" finished-at="2026-07-18T10:15:45 IST" duration-ms="21725">
      <class name="com.RadioButtons.TestExamples.MouseOverMoments">
        <test-method signature="mouseover()[pri:0, instance:com.RadioButtons.TestExamples.MouseOverMoments@402bba4f]" started-at="2026-07-18T10:15:24 IST" name="mouseover" finished-at="2026-07-18T10:15:45 IST" duration-ms="21619" status="PASS">
          <reporter-output>
          </reporter-output>
        </test-method> <!-- mouseover -->
      </class> <!-- com.RadioButtons.TestExamples.MouseOverMoments -->
    </test> <!-- Default test -->
  </suite> <!-- Default suite -->
</testng-results>
