<?xml version="1.0" encoding="UTF-8"?>
<testng-results ignored="0" total="3" passed="3" failed="0" skipped="0">
  <reporter-output>
  </reporter-output>
  <suite started-at="2026-07-14T16:31:59 IST" name="Default suite" finished-at="2026-07-14T16:32:30 IST" duration-ms="31613">
    <groups>
    </groups>
    <test started-at="2026-07-14T16:31:59 IST" name="Default test" finished-at="2026-07-14T16:32:30 IST" duration-ms="31613">
      <class name="com.WebDriverCommands.BrowserCommands">
        <test-method signature="ChromeBrowserTest()[pri:0, instance:com.WebDriverCommands.BrowserCommands@43195e57]" started-at="2026-07-14T16:31:59 IST" name="ChromeBrowserTest" finished-at="2026-07-14T16:32:06 IST" duration-ms="7084" status="PASS">
          <reporter-output>
          </reporter-output>
        </test-method> <!-- ChromeBrowserTest -->
        <test-method signature="EdgeBrowserTest()[pri:0, instance:com.WebDriverCommands.BrowserCommands@43195e57]" started-at="2026-07-14T16:32:06 IST" name="EdgeBrowserTest" finished-at="2026-07-14T16:32:11 IST" duration-ms="5318" status="PASS">
          <reporter-output>
          </reporter-output>
        </test-method> <!-- EdgeBrowserTest -->
        <test-method signature="FirefoxBrowserTest()[pri:0, instance:com.WebDriverCommands.BrowserCommands@43195e57]" started-at="2026-07-14T16:32:11 IST" name="FirefoxBrowserTest" finished-at="2026-07-14T16:32:30 IST" duration-ms="19134" status="PASS">
          <reporter-output>
          </reporter-output>
        </test-method> <!-- FirefoxBrowserTest -->
      </class> <!-- com.WebDriverCommands.BrowserCommands -->
    </test> <!-- Default test -->
  </suite> <!-- Default suite -->
</testng-results>
