<?xml version="1.0" encoding="UTF-8"?>
<testng-results ignored="0" total="1" passed="1" failed="0" skipped="0">
  <reporter-output>
  </reporter-output>
  <suite started-at="2026-07-16T22:41:48 IST" name="Default suite" finished-at="2026-07-16T22:41:59 IST" duration-ms="11147">
    <groups>
    </groups>
    <test started-at="2026-07-16T22:41:48 IST" name="Default test" finished-at="2026-07-16T22:41:59 IST" duration-ms="11147">
      <class name="com.SeleniumWebDriver.AlertsCaseStudy.Rediff">
        <test-method signature="rediffLoginTest()[pri:0, instance:com.SeleniumWebDriver.AlertsCaseStudy.Rediff@1ab3a8c8]" started-at="2026-07-16T22:41:48 IST" name="rediffLoginTest" finished-at="2026-07-16T22:41:59 IST" duration-ms="11072" status="PASS">
          <reporter-output>
          </reporter-output>
        </test-method> <!-- rediffLoginTest -->
      </class> <!-- com.SeleniumWebDriver.AlertsCaseStudy.Rediff -->
    </test> <!-- Default test -->
  </suite> <!-- Default suite -->
</testng-results>
