<?xml version="1.0" encoding="UTF-8"?>
<!-- Generated by org.testng.reporters.JUnitReportReporter -->
<testsuite hostname="kunal-pc" failures="0" tests="3" name="com.RestAssured.Demo.BDDPostRequest" time="7.897" errors="0" timestamp="2026-07-27T11:59:17 IST" skipped="0">
  <testcase classname="com.RestAssured.Demo.BDDPostRequest" name="testPostRequestComplete" time="3.903"/>
  <testcase classname="com.RestAssured.Demo.BDDPostRequest" name="testBDDApproach" time="2.324"/>
  <testcase classname="com.RestAssured.Demo.BDDPostRequest" name="testBDDApproachWithExtraction" time="1.670"/>
</testsuite> <!-- com.RestAssured.Demo.BDDPostRequest -->
