<?xml version="1.0" encoding="UTF-8"?>
<!-- Generated by org.testng.reporters.JUnitReportReporter -->
<testsuite hostname="kunal-pc" failures="0" tests="10" name="com.RestAssured.Demo.DataDrivenGetTest" time="42.444" errors="0" timestamp="2026-07-27T12:23:17 IST" skipped="0">
  <testcase classname="com.RestAssured.Demo.DataDrivenGetTest" name="testMultiplePostsBDD" time="6.766"/>
  <testcase classname="com.RestAssured.Demo.DataDrivenGetTest" name="testMultiplePostsTraditional" time="1.436"/>
  <testcase classname="com.RestAssured.Demo.DataDrivenGetTest" name="testMultiplePostsTraditional" time="0.712"/>
  <testcase classname="com.RestAssured.Demo.DataDrivenGetTest" name="testMultiplePostsBDD" time="3.672"/>
  <testcase classname="com.RestAssured.Demo.DataDrivenGetTest" name="testMultiplePostsBDD" time="3.157"/>
  <testcase classname="com.RestAssured.Demo.DataDrivenGetTest" name="testMultiplePostsBDD" time="2.968"/>
  <testcase classname="com.RestAssured.Demo.DataDrivenGetTest" name="testMultiplePostsTraditional" time="2.523"/>
  <testcase classname="com.RestAssured.Demo.DataDrivenGetTest" name="testMultiplePostsTraditional" time="3.449"/>
  <testcase classname="com.RestAssured.Demo.DataDrivenGetTest" name="testMultiplePostsTraditional" time="0.607"/>
  <testcase classname="com.RestAssured.Demo.DataDrivenGetTest" name="testMultiplePostsBDD" time="17.154"/>
</testsuite> <!-- com.RestAssured.Demo.DataDrivenGetTest -->
