<?xml version="1.0" encoding="UTF-8"?>
<!-- Generated by org.testng.reporters.JUnitReportReporter -->
<testsuite hostname="kunal-pc" failures="0" tests="10" name="com.RestAssured.Demo.DataDrivenGetTest" time="15.781" errors="0" timestamp="2026-07-29T10:19:47 IST" skipped="0">
  <testcase classname="com.RestAssured.Demo.DataDrivenGetTest" name="testMultiplePostsBDD" time="0.715"/>
  <testcase classname="com.RestAssured.Demo.DataDrivenGetTest" name="testMultiplePostsTraditional" time="0.819"/>
  <testcase classname="com.RestAssured.Demo.DataDrivenGetTest" name="testMultiplePostsBDD" time="0.740"/>
  <testcase classname="com.RestAssured.Demo.DataDrivenGetTest" name="testMultiplePostsBDD" time="0.680"/>
  <testcase classname="com.RestAssured.Demo.DataDrivenGetTest" name="testMultiplePostsTraditional" time="0.973"/>
  <testcase classname="com.RestAssured.Demo.DataDrivenGetTest" name="testMultiplePostsBDD" time="5.759"/>
  <testcase classname="com.RestAssured.Demo.DataDrivenGetTest" name="testMultiplePostsBDD" time="0.892"/>
  <testcase classname="com.RestAssured.Demo.DataDrivenGetTest" name="testMultiplePostsTraditional" time="2.320"/>
  <testcase classname="com.RestAssured.Demo.DataDrivenGetTest" name="testMultiplePostsTraditional" time="1.154"/>
  <testcase classname="com.RestAssured.Demo.DataDrivenGetTest" name="testMultiplePostsTraditional" time="1.729"/>
</testsuite> <!-- com.RestAssured.Demo.DataDrivenGetTest -->
