<?xml version="1.0" encoding="UTF-8"?>
<!-- Generated by org.testng.reporters.JUnitReportReporter -->
<testsuite hostname="kunal-pc" failures="0" tests="3" name="com.RestAssured.Demo.BDDPostRequest" time="6.980" errors="0" timestamp="2026-07-29T10:18:59 IST" skipped="0">
  <testcase classname="com.RestAssured.Demo.BDDPostRequest" name="testPostRequestComplete" time="3.800"/>
  <testcase classname="com.RestAssured.Demo.BDDPostRequest" name="testBDDApproach" time="1.924"/>
  <testcase classname="com.RestAssured.Demo.BDDPostRequest" name="testBDDApproachWithExtraction" time="1.256"/>
</testsuite> <!-- com.RestAssured.Demo.BDDPostRequest -->
