<?xml version="1.0" encoding="UTF-8"?>
<!-- Generated by org.testng.reporters.JUnitReportReporter -->
<testsuite hostname="kunal-pc" failures="0" tests="3" name="com.NavigationCommands.NavigationCommands" time="86.556" errors="0" timestamp="2026-07-20T14:54:46 IST" skipped="0">
  <testcase classname="com.NavigationCommands.NavigationCommands" name="ChromeTest" time="13.579"/>
  <testcase classname="com.NavigationCommands.NavigationCommands" name="EdgeTest" time="32.365"/>
  <testcase classname="com.NavigationCommands.NavigationCommands" name="FirefoxTest" time="40.612"/>
</testsuite> <!-- com.NavigationCommands.NavigationCommands -->
