<?xml version="1.0" encoding="UTF-8"?>
<testng-results ignored="0" total="10" passed="10" failed="0" skipped="0">
  <reporter-output>
  </reporter-output>
  <suite started-at="2026-07-27T12:22:34 IST" name="Default suite" finished-at="2026-07-27T12:23:17 IST" duration-ms="43189">
    <groups>
    </groups>
    <test started-at="2026-07-27T12:22:34 IST" name="Default test" finished-at="2026-07-27T12:23:17 IST" duration-ms="43189">
      <class name="com.RestAssured.Demo.DataDrivenGetTest">
        <test-method is-config="true" signature="setup()[pri:0, instance:com.RestAssured.Demo.DataDrivenGetTest@6302bbb1]" started-at="2026-07-27T12:22:34 IST" name="setup" finished-at="2026-07-27T12:22:34 IST" duration-ms="649" status="PASS">
          <reporter-output>
          </reporter-output>
        </test-method> <!-- setup -->
        <test-method signature="testMultiplePostsBDD(int,int)[pri:0, instance:com.RestAssured.Demo.DataDrivenGetTest@6302bbb1]" started-at="2026-07-27T12:22:35 IST" name="testMultiplePostsBDD" data-provider="postIds" finished-at="2026-07-27T12:22:52 IST" duration-ms="17154" status="PASS">
          <params>
            <param index="0">
              <value>
                <![CDATA[1]]>
              </value>
            </param>
            <param index="1">
              <value>
                <![CDATA[1]]>
              </value>
            </param>
          </params>
          <reporter-output>
          </reporter-output>
        </test-method> <!-- testMultiplePostsBDD -->
        <test-method signature="testMultiplePostsBDD(int,int)[pri:0, instance:com.RestAssured.Demo.DataDrivenGetTest@6302bbb1]" started-at="2026-07-27T12:22:52 IST" name="testMultiplePostsBDD" data-provider="postIds" finished-at="2026-07-27T12:22:55 IST" duration-ms="3672" status="PASS">
          <params>
            <param index="0">
              <value>
                <![CDATA[2]]>
              </value>
            </param>
            <param index="1">
              <value>
                <![CDATA[1]]>
              </value>
            </param>
          </params>
          <reporter-output>
          </reporter-output>
        </test-method> <!-- testMultiplePostsBDD -->
        <test-method signature="testMultiplePostsBDD(int,int)[pri:0, instance:com.RestAssured.Demo.DataDrivenGetTest@6302bbb1]" started-at="2026-07-27T12:22:55 IST" name="testMultiplePostsBDD" data-provider="postIds" finished-at="2026-07-27T12:22:59 IST" duration-ms="3157" status="PASS">
          <params>
            <param index="0">
              <value>
                <![CDATA[3]]>
              </value>
            </param>
            <param index="1">
              <value>
                <![CDATA[1]]>
              </value>
            </param>
          </params>
          <reporter-output>
          </reporter-output>
        </test-method> <!-- testMultiplePostsBDD -->
        <test-method signature="testMultiplePostsBDD(int,int)[pri:0, instance:com.RestAssured.Demo.DataDrivenGetTest@6302bbb1]" started-at="2026-07-27T12:22:59 IST" name="testMultiplePostsBDD" data-provider="postIds" finished-at="2026-07-27T12:23:01 IST" duration-ms="2968" status="PASS">
          <params>
            <param index="0">
              <value>
                <![CDATA[4]]>
              </value>
            </param>
            <param index="1">
              <value>
                <![CDATA[1]]>
              </value>
            </param>
          </params>
          <reporter-output>
          </reporter-output>
        </test-method> <!-- testMultiplePostsBDD -->
        <test-method signature="testMultiplePostsBDD(int,int)[pri:0, instance:com.RestAssured.Demo.DataDrivenGetTest@6302bbb1]" started-at="2026-07-27T12:23:01 IST" name="testMultiplePostsBDD" data-provider="postIds" finished-at="2026-07-27T12:23:08 IST" duration-ms="6766" status="PASS">
          <params>
            <param index="0">
              <value>
                <![CDATA[5]]>
              </value>
            </param>
            <param index="1">
              <value>
                <![CDATA[1]]>
              </value>
            </param>
          </params>
          <reporter-output>
          </reporter-output>
        </test-method> <!-- testMultiplePostsBDD -->
        <test-method signature="testMultiplePostsTraditional(int,int)[pri:0, instance:com.RestAssured.Demo.DataDrivenGetTest@6302bbb1]" started-at="2026-07-27T12:23:08 IST" name="testMultiplePostsTraditional" data-provider="postIds" finished-at="2026-07-27T12:23:12 IST" duration-ms="3449" status="PASS">
          <params>
            <param index="0">
              <value>
                <![CDATA[1]]>
              </value>
            </param>
            <param index="1">
              <value>
                <![CDATA[1]]>
              </value>
            </param>
          </params>
          <reporter-output>
          </reporter-output>
        </test-method> <!-- testMultiplePostsTraditional -->
        <test-method signature="testMultiplePostsTraditional(int,int)[pri:0, instance:com.RestAssured.Demo.DataDrivenGetTest@6302bbb1]" started-at="2026-07-27T12:23:12 IST" name="testMultiplePostsTraditional" data-provider="postIds" finished-at="2026-07-27T12:23:14 IST" duration-ms="2523" status="PASS">
          <params>
            <param index="0">
              <value>
                <![CDATA[2]]>
              </value>
            </param>
            <param index="1">
              <value>
                <![CDATA[1]]>
              </value>
            </param>
          </params>
          <reporter-output>
          </reporter-output>
        </test-method> <!-- testMultiplePostsTraditional -->
        <test-method signature="testMultiplePostsTraditional(int,int)[pri:0, instance:com.RestAssured.Demo.DataDrivenGetTest@6302bbb1]" started-at="2026-07-27T12:23:14 IST" name="testMultiplePostsTraditional" data-provider="postIds" finished-at="2026-07-27T12:23:16 IST" duration-ms="1436" status="PASS">
          <params>
            <param index="0">
              <value>
                <![CDATA[3]]>
              </value>
            </param>
            <param index="1">
              <value>
                <![CDATA[1]]>
              </value>
            </param>
          </params>
          <reporter-output>
          </reporter-output>
        </test-method> <!-- testMultiplePostsTraditional -->
        <test-method signature="testMultiplePostsTraditional(int,int)[pri:0, instance:com.RestAssured.Demo.DataDrivenGetTest@6302bbb1]" started-at="2026-07-27T12:23:16 IST" name="testMultiplePostsTraditional" data-provider="postIds" finished-at="2026-07-27T12:23:16 IST" duration-ms="607" status="PASS">
          <params>
            <param index="0">
              <value>
                <![CDATA[4]]>
              </value>
            </param>
            <param index="1">
              <value>
                <![CDATA[1]]>
              </value>
            </param>
          </params>
          <reporter-output>
          </reporter-output>
        </test-method> <!-- testMultiplePostsTraditional -->
        <test-method signature="testMultiplePostsTraditional(int,int)[pri:0, instance:com.RestAssured.Demo.DataDrivenGetTest@6302bbb1]" started-at="2026-07-27T12:23:16 IST" name="testMultiplePostsTraditional" data-provider="postIds" finished-at="2026-07-27T12:23:17 IST" duration-ms="712" status="PASS">
          <params>
            <param index="0">
              <value>
                <![CDATA[5]]>
              </value>
            </param>
            <param index="1">
              <value>
                <![CDATA[1]]>
              </value>
            </param>
          </params>
          <reporter-output>
          </reporter-output>
        </test-method> <!-- testMultiplePostsTraditional -->
      </class> <!-- com.RestAssured.Demo.DataDrivenGetTest -->
    </test> <!-- Default test -->
  </suite> <!-- Default suite -->
</testng-results>
