<?xml version="1.0" encoding="UTF-8"?>
<testng-results ignored="0" total="10" passed="10" failed="0" skipped="0">
  <reporter-output>
  </reporter-output>
  <suite started-at="2026-07-29T10:19:31 IST" name="Default suite" finished-at="2026-07-29T10:19:47 IST" duration-ms="16507">
    <groups>
    </groups>
    <test started-at="2026-07-29T10:19:31 IST" name="Default test" finished-at="2026-07-29T10:19:47 IST" duration-ms="16507">
      <class name="com.RestAssured.Demo.DataDrivenGetTest">
        <test-method is-config="true" signature="setup()[pri:0, instance:com.RestAssured.Demo.DataDrivenGetTest@6302bbb1]" started-at="2026-07-29T10:19:31 IST" name="setup" finished-at="2026-07-29T10:19:31 IST" duration-ms="626" status="PASS">
          <reporter-output>
          </reporter-output>
        </test-method> <!-- setup -->
        <test-method signature="testMultiplePostsBDD(int,int)[pri:0, instance:com.RestAssured.Demo.DataDrivenGetTest@6302bbb1]" started-at="2026-07-29T10:19:31 IST" name="testMultiplePostsBDD" data-provider="postIds" finished-at="2026-07-29T10:19:37 IST" duration-ms="5759" status="PASS">
          <params>
            <param index="0">
              <value>
                <![CDATA[1]]>
              </value>
            </param>
            <param index="1">
              <value>
                <![CDATA[1]]>
              </value>
            </param>
          </params>
          <reporter-output>
          </reporter-output>
        </test-method> <!-- testMultiplePostsBDD -->
        <test-method signature="testMultiplePostsBDD(int,int)[pri:0, instance:com.RestAssured.Demo.DataDrivenGetTest@6302bbb1]" started-at="2026-07-29T10:19:37 IST" name="testMultiplePostsBDD" data-provider="postIds" finished-at="2026-07-29T10:19:38 IST" duration-ms="892" status="PASS">
          <params>
            <param index="0">
              <value>
                <![CDATA[2]]>
              </value>
            </param>
            <param index="1">
              <value>
                <![CDATA[1]]>
              </value>
            </param>
          </params>
          <reporter-output>
          </reporter-output>
        </test-method> <!-- testMultiplePostsBDD -->
        <test-method signature="testMultiplePostsBDD(int,int)[pri:0, instance:com.RestAssured.Demo.DataDrivenGetTest@6302bbb1]" started-at="2026-07-29T10:19:38 IST" name="testMultiplePostsBDD" data-provider="postIds" finished-at="2026-07-29T10:19:39 IST" duration-ms="740" status="PASS">
          <params>
            <param index="0">
              <value>
                <![CDATA[3]]>
              </value>
            </param>
            <param index="1">
              <value>
                <![CDATA[1]]>
              </value>
            </param>
          </params>
          <reporter-output>
          </reporter-output>
        </test-method> <!-- testMultiplePostsBDD -->
        <test-method signature="testMultiplePostsBDD(int,int)[pri:0, instance:com.RestAssured.Demo.DataDrivenGetTest@6302bbb1]" started-at="2026-07-29T10:19:39 IST" name="testMultiplePostsBDD" data-provider="postIds" finished-at="2026-07-29T10:19:40 IST" duration-ms="680" status="PASS">
          <params>
            <param index="0">
              <value>
                <![CDATA[4]]>
              </value>
            </param>
            <param index="1">
              <value>
                <![CDATA[1]]>
              </value>
            </param>
          </params>
          <reporter-output>
          </reporter-output>
        </test-method> <!-- testMultiplePostsBDD -->
        <test-method signature="testMultiplePostsBDD(int,int)[pri:0, instance:com.RestAssured.Demo.DataDrivenGetTest@6302bbb1]" started-at="2026-07-29T10:19:40 IST" name="testMultiplePostsBDD" data-provider="postIds" finished-at="2026-07-29T10:19:40 IST" duration-ms="715" status="PASS">
          <params>
            <param index="0">
              <value>
                <![CDATA[5]]>
              </value>
            </param>
            <param index="1">
              <value>
                <![CDATA[1]]>
              </value>
            </param>
          </params>
          <reporter-output>
          </reporter-output>
        </test-method> <!-- testMultiplePostsBDD -->
        <test-method signature="testMultiplePostsTraditional(int,int)[pri:0, instance:com.RestAssured.Demo.DataDrivenGetTest@6302bbb1]" started-at="2026-07-29T10:19:40 IST" name="testMultiplePostsTraditional" data-provider="postIds" finished-at="2026-07-29T10:19:41 IST" duration-ms="973" status="PASS">
          <params>
            <param index="0">
              <value>
                <![CDATA[1]]>
              </value>
            </param>
            <param index="1">
              <value>
                <![CDATA[1]]>
              </value>
            </param>
          </params>
          <reporter-output>
          </reporter-output>
        </test-method> <!-- testMultiplePostsTraditional -->
        <test-method signature="testMultiplePostsTraditional(int,int)[pri:0, instance:com.RestAssured.Demo.DataDrivenGetTest@6302bbb1]" started-at="2026-07-29T10:19:41 IST" name="testMultiplePostsTraditional" data-provider="postIds" finished-at="2026-07-29T10:19:43 IST" duration-ms="1729" status="PASS">
          <params>
            <param index="0">
              <value>
                <![CDATA[2]]>
              </value>
            </param>
            <param index="1">
              <value>
                <![CDATA[1]]>
              </value>
            </param>
          </params>
          <reporter-output>
          </reporter-output>
        </test-method> <!-- testMultiplePostsTraditional -->
        <test-method signature="testMultiplePostsTraditional(int,int)[pri:0, instance:com.RestAssured.Demo.DataDrivenGetTest@6302bbb1]" started-at="2026-07-29T10:19:43 IST" name="testMultiplePostsTraditional" data-provider="postIds" finished-at="2026-07-29T10:19:44 IST" duration-ms="819" status="PASS">
          <params>
            <param index="0">
              <value>
                <![CDATA[3]]>
              </value>
            </param>
            <param index="1">
              <value>
                <![CDATA[1]]>
              </value>
            </param>
          </params>
          <reporter-output>
          </reporter-output>
        </test-method> <!-- testMultiplePostsTraditional -->
        <test-method signature="testMultiplePostsTraditional(int,int)[pri:0, instance:com.RestAssured.Demo.DataDrivenGetTest@6302bbb1]" started-at="2026-07-29T10:19:44 IST" name="testMultiplePostsTraditional" data-provider="postIds" finished-at="2026-07-29T10:19:46 IST" duration-ms="2320" status="PASS">
          <params>
            <param index="0">
              <value>
                <![CDATA[4]]>
              </value>
            </param>
            <param index="1">
              <value>
                <![CDATA[1]]>
              </value>
            </param>
          </params>
          <reporter-output>
          </reporter-output>
        </test-method> <!-- testMultiplePostsTraditional -->
        <test-method signature="testMultiplePostsTraditional(int,int)[pri:0, instance:com.RestAssured.Demo.DataDrivenGetTest@6302bbb1]" started-at="2026-07-29T10:19:46 IST" name="testMultiplePostsTraditional" data-provider="postIds" finished-at="2026-07-29T10:19:47 IST" duration-ms="1154" status="PASS">
          <params>
            <param index="0">
              <value>
                <![CDATA[5]]>
              </value>
            </param>
            <param index="1">
              <value>
                <![CDATA[1]]>
              </value>
            </param>
          </params>
          <reporter-output>
          </reporter-output>
        </test-method> <!-- testMultiplePostsTraditional -->
      </class> <!-- com.RestAssured.Demo.DataDrivenGetTest -->
    </test> <!-- Default test -->
  </suite> <!-- Default suite -->
</testng-results>
