<?xml version="1.0" encoding="UTF-8"?>
<!-- Generated by org.testng.reporters.JUnitReportReporter -->
<testsuite hostname="kunal-pc" failures="0" tests="4" name="com.JDBC.Connection.DBTestAll" time="0.155" errors="0" timestamp="2026-07-21T23:27:04 IST" skipped="0">
  <testcase classname="com.JDBC.Connection.DBTestAll" name="displayBookDetails" time="0.092"/>
  <testcase classname="com.JDBC.Connection.DBTestAll" name="displayCustomerDetails" time="0.025"/>
  <testcase classname="com.JDBC.Connection.DBTestAll" name="displayOrderDetails" time="0.028"/>
  <testcase classname="com.JDBC.Connection.DBTestAll" name="displayStudentDetails" time="0.010"/>
</testsuite> <!-- com.JDBC.Connection.DBTestAll -->
