<?xml version="1.0" encoding="UTF-8"?>
<!-- Generated by org.testng.reporters.JUnitXMLReporter -->
<testsuite ignored="0" hostname="kunal-pc" failures="0" tests="3" name="Default test" time="31.613" errors="0" timestamp="2026-07-14T16:32:30 IST">
  <testcase classname="com.WebDriverCommands.BrowserCommands" name="ChromeBrowserTest" time="7.084"/>
  <testcase classname="com.WebDriverCommands.BrowserCommands" name="EdgeBrowserTest" time="5.318"/>
  <testcase classname="com.WebDriverCommands.BrowserCommands" name="FirefoxBrowserTest" time="19.134"/>
</testsuite> <!-- Default test -->
