<?xml version="1.0" encoding="UTF-8"?>
<!-- Generated by org.testng.reporters.JUnitReportReporter -->
<testsuite hostname="kunal-pc" failures="0" tests="3" name="com.WebDriverCommands.BrowserCommands" time="31.536" errors="0" timestamp="2026-07-14T16:32:30 IST" skipped="0">
  <testcase classname="com.WebDriverCommands.BrowserCommands" name="FirefoxBrowserTest" time="19.134"/>
  <testcase classname="com.WebDriverCommands.BrowserCommands" name="ChromeBrowserTest" time="7.084"/>
  <testcase classname="com.WebDriverCommands.BrowserCommands" name="EdgeBrowserTest" time="5.318"/>
</testsuite> <!-- com.WebDriverCommands.BrowserCommands -->
