<?xml version="1.0" encoding="UTF-8"?>
<testng-results ignored="0" total="1" passed="1" failed="0" skipped="0">
  <reporter-output>
  </reporter-output>
  <suite started-at="2026-07-22T10:41:47 IST" name="Default suite" finished-at="2026-07-22T10:41:48 IST" duration-ms="1038">
    <groups>
    </groups>
    <test started-at="2026-07-22T10:41:47 IST" name="Default test" finished-at="2026-07-22T10:41:48 IST" duration-ms="1038">
      <class name="com.CRUDOperations.SQL.DeleteValueDemo">
        <test-method is-config="true" signature="connectDatabase()[pri:0, instance:com.CRUDOperations.SQL.DeleteValueDemo@4fb61f4a]" started-at="2026-07-22T10:41:47 IST" name="connectDatabase" finished-at="2026-07-22T10:41:48 IST" duration-ms="859" status="PASS">
          <reporter-output>
          </reporter-output>
        </test-method> <!-- connectDatabase -->
        <test-method signature="insertBookDetails()[pri:1, instance:com.CRUDOperations.SQL.DeleteValueDemo@4fb61f4a]" started-at="2026-07-22T10:41:48 IST" name="insertBookDetails" finished-at="2026-07-22T10:41:48 IST" duration-ms="66" status="PASS">
          <reporter-output>
          </reporter-output>
        </test-method> <!-- insertBookDetails -->
      </class> <!-- com.CRUDOperations.SQL.DeleteValueDemo -->
    </test> <!-- Default test -->
  </suite> <!-- Default suite -->
</testng-results>
