<?xml version="1.0" encoding="UTF-8"?>
<!-- Generated by org.testng.reporters.JUnitXMLReporter -->
<testsuite ignored="2" hostname="kunal-pc" failures="0" tests="1" name="Default test" time="6.468" errors="0" timestamp="2026-07-20T16:09:43 IST">
  <testcase classname="com.JenkinsCICD.DemoTest.JenkinsCICDTest" name="EdgeBrowserTest" time="6.25"/>
  <testcase classname="com.JenkinsCICD.DemoTest.JenkinsCICDTest" name="FirefoxBrowserTest" time="0.0">
    <ignored/>
  </testcase> <!-- FirefoxBrowserTest -->
  <testcase classname="com.JenkinsCICD.DemoTest.JenkinsCICDTest" name="ChromeBrowserTest" time="0.0">
    <ignored/>
  </testcase> <!-- ChromeBrowserTest -->
</testsuite> <!-- Default test -->
