<?xml version="1.0" encoding="UTF-8"?>
<!-- Generated by org.testng.reporters.JUnitReportReporter -->
<testsuite hostname="kunal-pc" failures="0" tests="3" name="com.NavigationCommands.BrowserNavigationCaseStudy" time="75.911" errors="0" timestamp="2026-07-16T09:56:40 IST" skipped="0">
  <testcase classname="com.NavigationCommands.BrowserNavigationCaseStudy" name="NavigationTest" time="32.159"/>
  <testcase classname="com.NavigationCommands.BrowserNavigationCaseStudy" name="NavigationTest" time="19.805"/>
  <testcase classname="com.NavigationCommands.BrowserNavigationCaseStudy" name="NavigationTest" time="23.947"/>
</testsuite> <!-- com.NavigationCommands.BrowserNavigationCaseStudy -->
