<?xml version="1.0" encoding="UTF-8"?>
<!-- Generated by org.testng.reporters.JUnitReportReporter -->
<testsuite hostname="kunal-pc" failures="0" tests="3" name="com.NavigationCommands.BrowserNavigationCaseStudy" time="93.309" errors="0" timestamp="2026-07-15T12:57:38 IST" skipped="0">
  <testcase classname="com.NavigationCommands.BrowserNavigationCaseStudy" name="NavigationTest" time="48.479"/>
  <testcase classname="com.NavigationCommands.BrowserNavigationCaseStudy" name="NavigationTest" time="20.461"/>
  <testcase classname="com.NavigationCommands.BrowserNavigationCaseStudy" name="NavigationTest" time="24.369"/>
</testsuite> <!-- com.NavigationCommands.BrowserNavigationCaseStudy -->
