<?xml version="1.0" encoding="UTF-8"?>
<!-- Generated by org.testng.reporters.JUnitReportReporter -->
<testsuite hostname="kunal-pc" failures="0" tests="3" name="com.NavigationCommands.NavigationCommands" time="77.874" errors="0" timestamp="2026-07-15T10:36:30 IST" skipped="0">
  <testcase classname="com.NavigationCommands.NavigationCommands" name="EdgeTest" time="24.948"/>
  <testcase classname="com.NavigationCommands.NavigationCommands" name="FirefoxTest" time="37.943"/>
  <testcase classname="com.NavigationCommands.NavigationCommands" name="ChromeTest" time="14.983"/>
</testsuite> <!-- com.NavigationCommands.NavigationCommands -->
