<?xml version="1.0" encoding="UTF-8"?>
<!-- Generated by org.testng.reporters.JUnitReportReporter -->
<testsuite hostname="kunal-pc" failures="0" tests="3" name="com.NavigationCommands.BrowserNavigationTest" time="65.436" errors="0" timestamp="2026-07-15T11:48:07 IST" skipped="0">
  <testcase classname="com.NavigationCommands.BrowserNavigationTest" name="NavigationTest" time="18.558"/>
  <testcase classname="com.NavigationCommands.BrowserNavigationTest" name="NavigationTest" time="25.201"/>
  <testcase classname="com.NavigationCommands.BrowserNavigationTest" name="NavigationTest" time="21.677"/>
</testsuite> <!-- com.NavigationCommands.BrowserNavigationTest -->
