<?xml version="1.0" encoding="UTF-8"?>
<testng-results ignored="0" total="3" passed="3" failed="0" skipped="0">
  <reporter-output>
  </reporter-output>
  <suite started-at="2026-07-15T12:56:04 IST" name="Navigation Suite" finished-at="2026-07-15T12:57:38 IST" duration-ms="93484">
    <groups>
    </groups>
    <test started-at="2026-07-15T12:56:04 IST" name="Chrome Test" finished-at="2026-07-15T12:56:29 IST" duration-ms="24435">
      <class name="com.NavigationCommands.BrowserNavigationCaseStudy">
        <test-method is-config="true" signature="setup(java.lang.String)[pri:0, instance:com.NavigationCommands.BrowserNavigationCaseStudy@6e20b53a]" started-at="2026-07-15T12:56:04 IST" name="setup" finished-at="2026-07-15T12:56:07 IST" duration-ms="2305" status="PASS">
          <params>
            <param index="0">
              <value>
                <![CDATA[chrome]]>
              </value>
            </param>
          </params>
          <reporter-output>
          </reporter-output>
        </test-method> <!-- setup -->
        <test-method signature="NavigationTest()[pri:0, instance:com.NavigationCommands.BrowserNavigationCaseStudy@6e20b53a]" started-at="2026-07-15T12:56:07 IST" name="NavigationTest" finished-at="2026-07-15T12:56:28 IST" duration-ms="21610" status="PASS">
          <reporter-output>
          </reporter-output>
        </test-method> <!-- NavigationTest -->
        <test-method is-config="true" signature="tearDown()[pri:0, instance:com.NavigationCommands.BrowserNavigationCaseStudy@6e20b53a]" started-at="2026-07-15T12:56:28 IST" name="tearDown" finished-at="2026-07-15T12:56:29 IST" duration-ms="454" status="PASS">
          <reporter-output>
          </reporter-output>
        </test-method> <!-- tearDown -->
      </class> <!-- com.NavigationCommands.BrowserNavigationCaseStudy -->
    </test> <!-- Chrome Test -->
    <test started-at="2026-07-15T12:56:29 IST" name="Firefox Test" finished-at="2026-07-15T12:57:17 IST" duration-ms="48488">
      <class name="com.NavigationCommands.BrowserNavigationCaseStudy">
        <test-method is-config="true" signature="setup(java.lang.String)[pri:0, instance:com.NavigationCommands.BrowserNavigationCaseStudy@35d019a3]" started-at="2026-07-15T12:56:29 IST" name="setup" finished-at="2026-07-15T12:56:34 IST" duration-ms="5469" status="PASS">
          <params>
            <param index="0">
              <value>
                <![CDATA[firefox]]>
              </value>
            </param>
          </params>
          <reporter-output>
          </reporter-output>
        </test-method> <!-- setup -->
        <test-method signature="NavigationTest()[pri:0, instance:com.NavigationCommands.BrowserNavigationCaseStudy@35d019a3]" started-at="2026-07-15T12:56:34 IST" name="NavigationTest" finished-at="2026-07-15T12:57:16 IST" duration-ms="41643" status="PASS">
          <reporter-output>
          </reporter-output>
        </test-method> <!-- NavigationTest -->
        <test-method is-config="true" signature="tearDown()[pri:0, instance:com.NavigationCommands.BrowserNavigationCaseStudy@35d019a3]" started-at="2026-07-15T12:57:16 IST" name="tearDown" finished-at="2026-07-15T12:57:17 IST" duration-ms="1367" status="PASS">
          <reporter-output>
          </reporter-output>
        </test-method> <!-- tearDown -->
      </class> <!-- com.NavigationCommands.BrowserNavigationCaseStudy -->
    </test> <!-- Firefox Test -->
    <test started-at="2026-07-15T12:57:17 IST" name="Edge Test" finished-at="2026-07-15T12:57:38 IST" duration-ms="20468">
      <class name="com.NavigationCommands.BrowserNavigationCaseStudy">
        <test-method is-config="true" signature="setup(java.lang.String)[pri:0, instance:com.NavigationCommands.BrowserNavigationCaseStudy@18078bef]" started-at="2026-07-15T12:57:17 IST" name="setup" finished-at="2026-07-15T12:57:18 IST" duration-ms="1172" status="PASS">
          <params>
            <param index="0">
              <value>
                <![CDATA[edge]]>
              </value>
            </param>
          </params>
          <reporter-output>
          </reporter-output>
        </test-method> <!-- setup -->
        <test-method signature="NavigationTest()[pri:0, instance:com.NavigationCommands.BrowserNavigationCaseStudy@18078bef]" started-at="2026-07-15T12:57:18 IST" name="NavigationTest" finished-at="2026-07-15T12:57:37 IST" duration-ms="18780" status="PASS">
          <reporter-output>
          </reporter-output>
        </test-method> <!-- NavigationTest -->
        <test-method is-config="true" signature="tearDown()[pri:0, instance:com.NavigationCommands.BrowserNavigationCaseStudy@18078bef]" started-at="2026-07-15T12:57:37 IST" name="tearDown" finished-at="2026-07-15T12:57:38 IST" duration-ms="509" status="PASS">
          <reporter-output>
          </reporter-output>
        </test-method> <!-- tearDown -->
      </class> <!-- com.NavigationCommands.BrowserNavigationCaseStudy -->
    </test> <!-- Edge Test -->
  </suite> <!-- Navigation Suite -->
</testng-results>
