<?xml version="1.0" encoding="UTF-8"?>
<testng-results ignored="0" total="3" passed="3" failed="0" skipped="0">
  <reporter-output>
  </reporter-output>
  <suite started-at="2026-07-16T09:55:24 IST" name="Navigation Suite" finished-at="2026-07-16T09:56:40 IST" duration-ms="76071">
    <groups>
    </groups>
    <test started-at="2026-07-16T09:55:24 IST" name="Chrome Test" finished-at="2026-07-16T09:55:48 IST" duration-ms="24024">
      <class name="com.NavigationCommands.BrowserNavigationCaseStudy">
        <test-method is-config="true" signature="setup(java.lang.String)[pri:0, instance:com.NavigationCommands.BrowserNavigationCaseStudy@6e20b53a]" started-at="2026-07-16T09:55:24 IST" name="setup" finished-at="2026-07-16T09:55:29 IST" duration-ms="5067" status="PASS">
          <params>
            <param index="0">
              <value>
                <![CDATA[chrome]]>
              </value>
            </param>
          </params>
          <reporter-output>
          </reporter-output>
        </test-method> <!-- setup -->
        <test-method signature="NavigationTest()[pri:0, instance:com.NavigationCommands.BrowserNavigationCaseStudy@6e20b53a]" started-at="2026-07-16T09:55:29 IST" name="NavigationTest" finished-at="2026-07-16T09:55:48 IST" duration-ms="18605" status="PASS">
          <reporter-output>
          </reporter-output>
        </test-method> <!-- NavigationTest -->
        <test-method is-config="true" signature="tearDown()[pri:0, instance:com.NavigationCommands.BrowserNavigationCaseStudy@6e20b53a]" started-at="2026-07-16T09:55:48 IST" name="tearDown" finished-at="2026-07-16T09:55:48 IST" duration-ms="275" status="PASS">
          <reporter-output>
          </reporter-output>
        </test-method> <!-- tearDown -->
      </class> <!-- com.NavigationCommands.BrowserNavigationCaseStudy -->
    </test> <!-- Chrome Test -->
    <test started-at="2026-07-16T09:55:48 IST" name="Firefox Test" finished-at="2026-07-16T09:56:21 IST" duration-ms="32167">
      <class name="com.NavigationCommands.BrowserNavigationCaseStudy">
        <test-method is-config="true" signature="setup(java.lang.String)[pri:0, instance:com.NavigationCommands.BrowserNavigationCaseStudy@35d019a3]" started-at="2026-07-16T09:55:48 IST" name="setup" finished-at="2026-07-16T09:56:01 IST" duration-ms="12289" status="PASS">
          <params>
            <param index="0">
              <value>
                <![CDATA[firefox]]>
              </value>
            </param>
          </params>
          <reporter-output>
          </reporter-output>
        </test-method> <!-- setup -->
        <test-method signature="NavigationTest()[pri:0, instance:com.NavigationCommands.BrowserNavigationCaseStudy@35d019a3]" started-at="2026-07-16T09:56:01 IST" name="NavigationTest" finished-at="2026-07-16T09:56:20 IST" duration-ms="18962" status="PASS">
          <reporter-output>
          </reporter-output>
        </test-method> <!-- NavigationTest -->
        <test-method is-config="true" signature="tearDown()[pri:0, instance:com.NavigationCommands.BrowserNavigationCaseStudy@35d019a3]" started-at="2026-07-16T09:56:20 IST" name="tearDown" finished-at="2026-07-16T09:56:21 IST" duration-ms="908" status="PASS">
          <reporter-output>
          </reporter-output>
        </test-method> <!-- tearDown -->
      </class> <!-- com.NavigationCommands.BrowserNavigationCaseStudy -->
    </test> <!-- Firefox Test -->
    <test started-at="2026-07-16T09:56:21 IST" name="Edge Test" finished-at="2026-07-16T09:56:40 IST" duration-ms="19811">
      <class name="com.NavigationCommands.BrowserNavigationCaseStudy">
        <test-method is-config="true" signature="setup(java.lang.String)[pri:0, instance:com.NavigationCommands.BrowserNavigationCaseStudy@18078bef]" started-at="2026-07-16T09:56:21 IST" name="setup" finished-at="2026-07-16T09:56:22 IST" duration-ms="1657" status="PASS">
          <params>
            <param index="0">
              <value>
                <![CDATA[edge]]>
              </value>
            </param>
          </params>
          <reporter-output>
          </reporter-output>
        </test-method> <!-- setup -->
        <test-method signature="NavigationTest()[pri:0, instance:com.NavigationCommands.BrowserNavigationCaseStudy@18078bef]" started-at="2026-07-16T09:56:22 IST" name="NavigationTest" finished-at="2026-07-16T09:56:40 IST" duration-ms="17940" status="PASS">
          <reporter-output>
          </reporter-output>
        </test-method> <!-- NavigationTest -->
        <test-method is-config="true" signature="tearDown()[pri:0, instance:com.NavigationCommands.BrowserNavigationCaseStudy@18078bef]" started-at="2026-07-16T09:56:40 IST" name="tearDown" finished-at="2026-07-16T09:56:40 IST" duration-ms="208" status="PASS">
          <reporter-output>
          </reporter-output>
        </test-method> <!-- tearDown -->
      </class> <!-- com.NavigationCommands.BrowserNavigationCaseStudy -->
    </test> <!-- Edge Test -->
  </suite> <!-- Navigation Suite -->
</testng-results>
