<?xml version="1.0" encoding="UTF-8"?>
<testng-results ignored="2" total="3" passed="1" failed="0" skipped="0">
  <reporter-output>
  </reporter-output>
  <suite started-at="2026-07-20T16:09:37 IST" name="Default suite" finished-at="2026-07-20T16:09:43 IST" duration-ms="6468">
    <groups>
    </groups>
    <test started-at="2026-07-20T16:09:37 IST" name="Default test" finished-at="2026-07-20T16:09:43 IST" duration-ms="6468">
      <class name="com.JenkinsCICD.DemoTest.JenkinsCICDTest">
        <test-method signature="EdgeBrowserTest()[pri:2, instance:com.JenkinsCICD.DemoTest.JenkinsCICDTest@68c9133c]" started-at="2026-07-20T16:09:37 IST" name="EdgeBrowserTest" finished-at="2026-07-20T16:09:43 IST" duration-ms="6250" status="PASS">
          <reporter-output>
          </reporter-output>
        </test-method> <!-- EdgeBrowserTest -->
      </class> <!-- com.JenkinsCICD.DemoTest.JenkinsCICDTest -->
    </test> <!-- Default test -->
  </suite> <!-- Default suite -->
</testng-results>
