<?xml version="1.0" encoding="UTF-8"?>
<!-- Generated by org.testng.reporters.JUnitXMLReporter -->
<testsuite ignored="0" hostname="kunal-pc" failures="0" tests="3" name="Test" time="110.786" errors="0" timestamp="2026-07-29T00:55:43 IST">
  <testcase classname="com.AltoroMutual.TestCases.ExecuteAMLogin" name="CheckValidUser" time="30.806"/>
  <testcase classname="com.AltoroMutual.TestCases.ExecuteFeedBack" name="Feedback" time="50.799"/>
  <testcase classname="com.AltoroMutual.TestCases.ExecuteServerStatusCheck" name="CheckServer" time="28.875"/>
</testsuite> <!-- Test -->
