<?xml version="1.0" encoding="UTF-8"?>
<testng-results ignored="0" total="1" passed="1" failed="0" skipped="0">
  <reporter-output>
  </reporter-output>
  <suite started-at="2026-07-15T16:27:49 IST" name="Default suite" finished-at="2026-07-15T16:29:15 IST" duration-ms="86700">
    <groups>
    </groups>
    <test started-at="2026-07-15T16:27:49 IST" name="Default test" finished-at="2026-07-15T16:29:15 IST" duration-ms="86700">
      <class name="com.SeleniumWebDriver.LocatorsDemo.ClassNameTestDemo">
        <test-method signature="ClassNameTest()[pri:0, instance:com.SeleniumWebDriver.LocatorsDemo.ClassNameTestDemo@43195e57]" started-at="2026-07-15T16:27:49 IST" name="ClassNameTest" finished-at="2026-07-15T16:29:15 IST" duration-ms="86544" status="PASS">
          <reporter-output>
          </reporter-output>
        </test-method> <!-- ClassNameTest -->
      </class> <!-- com.SeleniumWebDriver.LocatorsDemo.ClassNameTestDemo -->
    </test> <!-- Default test -->
  </suite> <!-- Default suite -->
</testng-results>
