<?xml version="1.0" encoding="UTF-8"?>
<testng-results ignored="0" total="1" passed="1" failed="0" skipped="0">
  <reporter-output>
  </reporter-output>
  <suite started-at="2026-07-17T10:47:35 IST" name="Default suite" finished-at="2026-07-17T10:48:31 IST" duration-ms="56288">
    <groups>
    </groups>
    <test started-at="2026-07-17T10:47:35 IST" name="Default test" finished-at="2026-07-17T10:48:31 IST" duration-ms="56288">
      <class name="com.HandlingListBoxItems.demo.Demo1">
        <test-method is-config="true" signature="Setup()[pri:0, instance:com.HandlingListBoxItems.demo.Demo1@5b239d7d]" started-at="2026-07-17T10:47:35 IST" name="Setup" finished-at="2026-07-17T10:48:10 IST" duration-ms="34995" status="PASS">
          <reporter-output>
          </reporter-output>
        </test-method> <!-- Setup -->
        <test-method signature="DropDownList()[pri:0, instance:com.HandlingListBoxItems.demo.Demo1@5b239d7d]" started-at="2026-07-17T10:48:10 IST" name="DropDownList" finished-at="2026-07-17T10:48:31 IST" duration-ms="21210" status="PASS">
          <reporter-output>
          </reporter-output>
        </test-method> <!-- DropDownList -->
      </class> <!-- com.HandlingListBoxItems.demo.Demo1 -->
    </test> <!-- Default test -->
  </suite> <!-- Default suite -->
</testng-results>
